<?xml version="1.0" encoding="UTF-8"?>
<testng-results skipped="0" failed="0" ignored="0" total="0" passed="0">
  <reporter-output>
  </reporter-output>
  <suite name="com.SeleniumSkypeBatch.AutomationFramework.AppTest" duration-ms="73" started-at="2019-10-26T07:52:11 IST" finished-at="2019-10-26T07:52:11 IST">
    <groups>
    </groups>
    <test name="Command line test" duration-ms="73" started-at="2019-10-26T07:52:11 IST" finished-at="2019-10-26T07:52:11 IST">
    </test> <!-- Command line test -->
  </suite> <!-- com.SeleniumSkypeBatch.AutomationFramework.AppTest -->
</testng-results>
